<?xml version="1.0" encoding="UTF-8"?>
<!-- Generated by org.testng.reporters.JUnitReportReporter -->
<testsuite hostname="DESKTOP-IQUBR8Q" failures="0" tests="2" name="org.module.WebDriver.Hurt_Me_Plenty_Test" time="206.239" errors="0" timestamp="2023-05-03T16:17:09 IST" skipped="0">
  <testcase classname="org.module.WebDriver.Hurt_Me_Plenty_Test" name="google_cloud_price_calc" time="106.110"/>
  <system-out/>
  <testcase classname="org.module.WebDriver.Hurt_Me_Plenty_Test" name="google_cloud_price_calc" time="100.129"/>
  <system-out/>
</testsuite> <!-- org.module.WebDriver.Hurt_Me_Plenty_Test -->
