<?xml version="1.0" encoding="UTF-8"?>
<!-- Generated by org.testng.reporters.JUnitReportReporter -->
<testsuite hostname="DESKTOP-IQUBR8Q" failures="0" tests="1" name="org.module.WebDriver.I_Can_Win_Test" time="61.425" errors="0" timestamp="2023-05-03T16:17:09 IST" skipped="0">
  <testcase classname="org.module.WebDriver.I_Can_Win_Test" name="pastefunc" time="61.425"/>
  <system-out/>
</testsuite> <!-- org.module.WebDriver.I_Can_Win_Test -->
