<?xml version="1.0" encoding="UTF-8"?>
<!-- Generated by org.testng.reporters.JUnitReportReporter -->
<testsuite hostname="DESKTOP-IQUBR8Q" failures="0" tests="6" name="org.module.WebDriver.Hurt_Me_Plenty_Test" time="90.136" errors="0" timestamp="2023-05-02T09:38:07 IST" skipped="0">
  <testcase classname="org.module.WebDriver.Hurt_Me_Plenty_Test" name="checkInfoProvisionModel" time="87.662"/>
  <system-out/>
  <testcase classname="org.module.WebDriver.Hurt_Me_Plenty_Test" name="checkRegion" time="0.043"/>
  <system-out/>
  <testcase classname="org.module.WebDriver.Hurt_Me_Plenty_Test" name="checkSSD" time="0.094"/>
  <system-out/>
  <testcase classname="org.module.WebDriver.Hurt_Me_Plenty_Test" name="checkInstanceType" time="0.050"/>
  <system-out/>
  <testcase classname="org.module.WebDriver.Hurt_Me_Plenty_Test" name="checkCommitment" time="0.057"/>
  <system-out/>
  <testcase classname="org.module.WebDriver.Hurt_Me_Plenty_Test" name="checkCost" time="2.230"/>
  <system-out/>
</testsuite> <!-- org.module.WebDriver.Hurt_Me_Plenty_Test -->
