<?xml version="1.0" encoding="UTF-8"?>
<!-- Generated by org.testng.reporters.JUnitReportReporter -->
<testsuite hostname="DESKTOP-IQUBR8Q" failures="0" tests="6" name="org.module.WebDriver.Hurt_Me_Plenty_Test" time="76.483" errors="0" timestamp="2023-05-02T02:31:20 IST" skipped="0">
  <testcase classname="org.module.WebDriver.Hurt_Me_Plenty_Test" name="checkInfoProvisionModel" time="76.311"/>
  <system-out/>
  <testcase classname="org.module.WebDriver.Hurt_Me_Plenty_Test" name="checkRegion" time="0.047"/>
  <system-out/>
  <testcase classname="org.module.WebDriver.Hurt_Me_Plenty_Test" name="checkSSD" time="0.032"/>
  <system-out/>
  <testcase classname="org.module.WebDriver.Hurt_Me_Plenty_Test" name="checkInstanceType" time="0.031"/>
  <system-out/>
  <testcase classname="org.module.WebDriver.Hurt_Me_Plenty_Test" name="checkCommitment" time="0.031"/>
  <system-out/>
  <testcase classname="org.module.WebDriver.Hurt_Me_Plenty_Test" name="checkCost" time="0.031"/>
  <system-out/>
</testsuite> <!-- org.module.WebDriver.Hurt_Me_Plenty_Test -->
