<?xml version="1.0" encoding="UTF-8"?>
<!-- Generated by org.testng.reporters.JUnitReportReporter -->
<testsuite hostname="DESKTOP-IQUBR8Q" failures="0" tests="1" name="org.module.WebDriver.I_Can_Win_Test" time="28.228" errors="0" timestamp="2023-05-02T01:50:29 IST" skipped="0">
  <testcase classname="org.module.WebDriver.I_Can_Win_Test" name="loginVerification" time="28.228"/>
  <system-out/>
</testsuite> <!-- org.module.WebDriver.I_Can_Win_Test -->
